<?xml version="1.0" encoding="UTF-8"?>
<testng-results ignored="0" total="1" passed="1" failed="0" skipped="0">
  <reporter-output>
  </reporter-output>
  <suite started-at="2025-06-13T00:38:10 IST" name="Default suite" finished-at="2025-06-13T00:38:19 IST" duration-ms="9113">
    <groups>
    </groups>
    <test started-at="2025-06-13T00:38:10 IST" name="Default test" finished-at="2025-06-13T00:38:19 IST" duration-ms="9113">
      <class name="org.airport.tests.AirportG">
        <test-method signature="testName()[pri:0, instance:org.airport.tests.AirportG@3427b02d]" started-at="2025-06-13T00:38:10 IST" name="testName" finished-at="2025-06-13T00:38:19 IST" duration-ms="8937" status="PASS">
          <reporter-output>
          </reporter-output>
        </test-method> <!-- testName -->
      </class> <!-- org.airport.tests.AirportG -->
    </test> <!-- Default test -->
  </suite> <!-- Default suite -->
</testng-results>
